[     332ms] [ERROR] Failed to load resource: the server responded with a status of 404 (Not Found) @ http://localhost:5173/api/images/profiles/3/b7e2fde3-d868-4514-ae3f-b4cad07ae784.webp:0
[     451ms] [ERROR] Failed to load resource: the server responded with a status of 404 (Not Found) @ http://localhost:5173/api/images/profiles/3/b7e2fde3-d868-4514-ae3f-b4cad07ae784.webp:0
[   15272ms] [ERROR] Failed to load resource: the server responded with a status of 404 (Not Found) @ http://localhost:5173/api/images/profiles/3/b7e2fde3-d868-4514-ae3f-b4cad07ae784.webp:0
[  100999ms] [ERROR] Failed to load resource: the server responded with a status of 404 (Not Found) @ http://localhost:5173/api/images/profiles/3/b7e2fde3-d868-4514-ae3f-b4cad07ae784.webp:0
[  102163ms] [ERROR] Failed to load resource: the server responded with a status of 404 (Not Found) @ http://localhost:5173/api/images/profiles/3/b7e2fde3-d868-4514-ae3f-b4cad07ae784.webp:0
[  102174ms] [ERROR] Failed to load resource: the server responded with a status of 404 (Not Found) @ http://localhost:5173/api/images/profiles/3/b7e2fde3-d868-4514-ae3f-b4cad07ae784.webp:0
[  103343ms] [ERROR] Failed to load resource: the server responded with a status of 404 (Not Found) @ http://localhost:5173/api/images/profiles/3/b7e2fde3-d868-4514-ae3f-b4cad07ae784.webp:0
[  103434ms] [ERROR] Failed to load resource: the server responded with a status of 404 (Not Found) @ http://localhost:5173/api/images/profiles/3/b7e2fde3-d868-4514-ae3f-b4cad07ae784.webp:0
[  104947ms] [ERROR] Failed to load resource: the server responded with a status of 404 (Not Found) @ http://localhost:5173/api/images/profiles/3/b7e2fde3-d868-4514-ae3f-b4cad07ae784.webp:0
[  140945ms] [ERROR] Failed to load resource: the server responded with a status of 404 (Not Found) @ http://localhost:5173/api/images/gallery/original/9756d0a1-97bb-4dd6-a704-112e204c91b9.webp:0
[  141574ms] [ERROR] Failed to load resource: the server responded with a status of 404 (Not Found) @ http://localhost:5173/api/images/profiles/3/b7e2fde3-d868-4514-ae3f-b4cad07ae784.webp:0
[  142572ms] [ERROR] Failed to load resource: the server responded with a status of 404 (Not Found) @ http://localhost:5173/api/images/profiles/3/b7e2fde3-d868-4514-ae3f-b4cad07ae784.webp:0
[  537004ms] [ERROR] Failed to load resource: the server responded with a status of 404 (Not Found) @ http://localhost:5173/api/images/gallery/original/9756d0a1-97bb-4dd6-a704-112e204c91b9.webp:0
[  537898ms] [ERROR] Failed to load resource: the server responded with a status of 404 (Not Found) @ http://localhost:5173/api/images/profiles/3/b7e2fde3-d868-4514-ae3f-b4cad07ae784.webp:0
[  538863ms] [ERROR] Failed to load resource: the server responded with a status of 404 (Not Found) @ http://localhost:5173/api/images/profiles/3/b7e2fde3-d868-4514-ae3f-b4cad07ae784.webp:0
[  541318ms] [ERROR] Failed to load resource: the server responded with a status of 404 (Not Found) @ http://localhost:5173/api/images/profiles/3/b7e2fde3-d868-4514-ae3f-b4cad07ae784.webp:0
[  543997ms] [ERROR] Failed to load resource: the server responded with a status of 404 (Not Found) @ http://localhost:5173/api/images/profiles/3/b7e2fde3-d868-4514-ae3f-b4cad07ae784.webp:0
[  551369ms] [ERROR] Failed to load resource: the server responded with a status of 404 (Not Found) @ http://localhost:5173/api/images/profiles/3/b7e2fde3-d868-4514-ae3f-b4cad07ae784.webp:0
[  553381ms] [ERROR] Failed to load resource: the server responded with a status of 404 (Not Found) @ http://localhost:5173/api/images/profiles/3/b7e2fde3-d868-4514-ae3f-b4cad07ae784.webp:0
[  555396ms] [ERROR] Failed to load resource: the server responded with a status of 404 (Not Found) @ http://localhost:5173/api/images/profiles/3/b7e2fde3-d868-4514-ae3f-b4cad07ae784.webp:0
[  558822ms] [ERROR] Failed to load resource: the server responded with a status of 404 (Not Found) @ http://localhost:5173/api/images/profiles/3/b7e2fde3-d868-4514-ae3f-b4cad07ae784.webp:0
[  559410ms] [ERROR] Failed to load resource: the server responded with a status of 404 (Not Found) @ http://localhost:5173/api/images/gallery/original/9756d0a1-97bb-4dd6-a704-112e204c91b9.webp:0
[ 2124797ms] [ERROR] Failed to load resource: the server responded with a status of 404 (Not Found) @ http://localhost:5173/api/images/profiles/3/b7e2fde3-d868-4514-ae3f-b4cad07ae784.webp:0
